<?xml version="1.0" encoding="utf-8"?><testsuites><testsuite errors="0" failures="0" hostname="DESKTOP-R9KR3NK" name="pytest" skipped="0" tests="4" time="6.390" timestamp="2020-05-14T19:26:48.537219"><testcase classname="test_submit" file="test_submit.py" line="3" name="test_q1" time="0.080"></testcase><testcase classname="test_submit" file="test_submit.py" line="8" name="test_q2" time="0.087"></testcase><testcase classname="test_submit" file="test_submit.py" line="13" name="test_q3" time="0.112"></testcase><testcase classname="test_submit" file="test_submit.py" line="18" name="test_q4" time="0.626"></testcase></testsuite></testsuites>