<?xml version="1.0" encoding="utf-8"?><testsuites><testsuite errors="0" failures="0" hostname="DESKTOP-R9KR3NK" name="pytest" skipped="0" tests="7" time="12.763" timestamp="2020-05-08T18:00:02.721623"><testcase classname="test_submit" file="test_submit.py" line="3" name="test_q1" time="0.004"></testcase><testcase classname="test_submit" file="test_submit.py" line="8" name="test_q2" time="0.004"></testcase><testcase classname="test_submit" file="test_submit.py" line="13" name="test_q3" time="0.008"></testcase><testcase classname="test_submit" file="test_submit.py" line="18" name="test_q4" time="0.007"></testcase><testcase classname="test_submit" file="test_submit.py" line="23" name="test_q5" time="0.004"></testcase><testcase classname="test_submit" file="test_submit.py" line="28" name="test_q6" time="0.002"></testcase><testcase classname="test_submit" file="test_submit.py" line="33" name="test_q7" time="0.002"></testcase></testsuite></testsuites>